<?xml version="1.0" encoding="UTF-8" ?>
<testsuites errors="2"
            failures="1"
            tests="5">

  <testsuite name="united"
    errors="2" failures="1" hostname="" id="" package="united" skipped="2"
    tests="5" time="14.83" timestamp="">
  
    <testcase name="Open united.com" classname="united" time="4.480" assertions="2">

    

    
    </testcase>
  
    <testcase name="One-way flight" classname="united" time="0.2690" assertions="1">

    
    </testcase>
  
    <testcase name="From - to city" classname="united" time="1.963" assertions="4">

    

    

    

    
    </testcase>
  
    <testcase name="Depart date" classname="united" time="0.7340" assertions="0">
    </testcase>
  
    <testcase name="Economy class" classname="united" time="7.385" assertions="3">

    

      <failure message="Testing if element &lt;li[id=&#34;cabinType_item-0&#34;]&gt; is visible in 5000ms - expected &#34;is visible&#34; but got: &#34;not visible&#34; (5207ms)">    at Object.Economy class (C:\Users\vladislavs.lozovenko\Desktop\QA_Test\test\united.js:64:15)</failure>

    
    <error message="Error while running &#34;visible&#34; command: Testing if element [0;33m&lt;li[id=&#34;cabinType_item-0&#34;]&gt;[0m is visible in 5000ms - expected [0;32m&#34;is visible&#34;[0m but got: [0;31m&#34;not visible&#34;[0m [0;90m(5207ms)[0m" type="error"><![CDATA[
        at Object.Economy class (C:\Users\vladislavs.lozovenko\Desktop\QA_Test\test\united.js:64:15)
    ]]></error>
    
    </testcase>
  

  
    <system-err>
        TimeoutError: An error occurred while running .click() command on &lt;ul.app-components-BookFlightForm-bookFlightForm__optionFields--1vOdX&gt;:   (Session info: chrome=86.0.4240.75),  (Driver info: chromedriver=86.0.4240.22 (398b0743353ff36fb1b82468f63a3a93b4e2e89e-refs/branch-heads/4240@{#378}),platform=Windows NT 10.0.18362 x86_64); element click intercepted: Element &lt;ul class=&#34;app-components-BookFlightForm-bookFlightForm__optionFields--1vOdX&#34;&gt;...&lt;/ul&gt; is not clickable at point (474, 568). Other element would receive the click: &lt;td class=&#34;CalendarDay CalendarDay_1 CalendarDay__default CalendarDay__default_2&#34; role=&#34;button&#34; aria-label=&#34;Friday, December ..., 2020&#34; tabindex=&#34;-1&#34; style=&#34;width: 39px; height: 38px;&#34;&gt;25&lt;/td&gt;
   {&#34;status&#34;:-1,&#34;state&#34;:&#34;&#34;,&#34;code&#34;:&#34;&#34;,&#34;value&#34;:{&#34;message&#34;:&#34;element click intercepted: Element &lt;ul class=\&#34;app-components-BookFlightForm-bookFlightForm__optionFields--1vOdX\&#34;&gt;...&lt;/ul&gt; is not clickable at point (474, 568). Other element would receive the click: &lt;td class=\&#34;CalendarDay CalendarDay_1 CalendarDay__default CalendarDay__default_2\&#34; role=\&#34;button\&#34; aria-label=\&#34;Friday, December ..., 2020\&#34; tabindex=\&#34;-1\&#34; style=\&#34;width: 39px; height: 38px;\&#34;&gt;25&lt;/td&gt;&#34;,&#34;error&#34;:[&#34;  (Session info: chrome=86.0.4240.75)&#34;,&#34;  (Driver info: chromedriver=86.0.4240.22 (398b0743353ff36fb1b82468f63a3a93b4e2e89e-refs/branch-heads/4240@{#378}),platform=Windows NT 10.0.18362 x86_64)&#34;]},&#34;errorStatus&#34;:64,&#34;error&#34;:&#34;An unknown error has occurred – element click intercepted: Element &lt;ul class=\&#34;app-components-BookFlightForm-bookFlightFo...&#34;,&#34;httpStatusCode&#34;:200}
   
  TimeoutError: An error occurred while running .click() command on &lt;#cabinType&gt;:   (Session info: chrome=86.0.4240.75),  (Driver info: chromedriver=86.0.4240.22 (398b0743353ff36fb1b82468f63a3a93b4e2e89e-refs/branch-heads/4240@{#378}),platform=Windows NT 10.0.18362 x86_64); element click intercepted: Element &lt;button type=&#34;button&#34; class=&#34;app-components-ListBox-ListBox__listBoxMainButton--6Hfoi app-components-ListBox-ListBox__midFont--3Enf8 app-components-ListBox-ListBox__withBorder--2ZPqA app-components-ListBox-ListBox__withFullBorder--YxIQL undefined&#34; aria-expanded=&#34;false&#34; aria-haspopup=&#34;listbox&#34; role=&#34;combobox&#34; aria-label=&#34;&#34; aria-required=&#34;false&#34; id=&#34;cabinType&#34; name=&#34;cabinType&#34; value=&#34;0&#34;&gt;...&lt;/button&gt; is not clickable at point (340, 368). Other element would receive the click: &lt;strong&gt;...&lt;/strong&gt;
   {&#34;status&#34;:-1,&#34;state&#34;:&#34;&#34;,&#34;code&#34;:&#34;&#34;,&#34;value&#34;:{&#34;message&#34;:&#34;element click intercepted: Element &lt;button type=\&#34;button\&#34; class=\&#34;app-components-ListBox-ListBox__listBoxMainButton--6Hfoi app-components-ListBox-ListBox__midFont--3Enf8 app-components-ListBox-ListBox__withBorder--2ZPqA app-components-ListBox-ListBox__withFullBorder--YxIQL undefined\&#34; aria-expanded=\&#34;false\&#34; aria-haspopup=\&#34;listbox\&#34; role=\&#34;combobox\&#34; aria-label=\&#34;\&#34; aria-required=\&#34;false\&#34; id=\&#34;cabinType\&#34; name=\&#34;cabinType\&#34; value=\&#34;0\&#34;&gt;...&lt;/button&gt; is not clickable at point (340, 368). Other element would receive the click: &lt;strong&gt;...&lt;/strong&gt;&#34;,&#34;error&#34;:[&#34;  (Session info: chrome=86.0.4240.75)&#34;,&#34;  (Driver info: chromedriver=86.0.4240.22 (398b0743353ff36fb1b82468f63a3a93b4e2e89e-refs/branch-heads/4240@{#378}),platform=Windows NT 10.0.18362 x86_64)&#34;]},&#34;errorStatus&#34;:64,&#34;error&#34;:&#34;An unknown error has occurred – element click intercepted: Element &lt;button type=\&#34;button\&#34; class=\&#34;app-components-ListBox-L...&#34;,&#34;httpStatusCode&#34;:200}
   
    </system-err>
  

    

  
    
    <testcase
      name="Find flight" classname="united">
      <skipped />
    </testcase>
    
    <testcase
      name="sort by Economy" classname="united">
      <skipped />
    </testcase>
    
  
  </testsuite>
</testsuites>
